110303  9:06:44 [Note] bin\mysqld-nt.exe: ready for connections.
Version: '5.0.41-community-nt-log'  socket: ''  port: 3306  MySQL Community Edition (GPL)
110303  9:07:40 [Note] bin\mysqld-nt.exe: Normal shutdown

110303  9:07:40 [Note] bin\mysqld-nt.exe: Shutdown complete

Error in my_thread_global_end(): 1 threads didn't exit
110303 10:20:34 [Note] bin\mysqld-nt.exe: ready for connections.
Version: '5.0.41-community-nt-log'  socket: ''  port: 3306  MySQL Community Edition (GPL)
110304  9:17:11 [Note] bin\mysqld-nt.exe: Normal shutdown

110304  9:17:11 [Note] bin\mysqld-nt.exe: Shutdown complete

Error in my_thread_global_end(): 1 threads didn't exit
110330 22:34:32 [Note] bin\mysqld-nt.exe: ready for connections.
Version: '5.0.41-community-nt-log'  socket: ''  port: 3306  MySQL Community Edition (GPL)
110330 22:35:27 [Note] bin\mysqld-nt.exe: Normal shutdown

110330 22:35:27 [Note] bin\mysqld-nt.exe: Shutdown complete

Error in my_thread_global_end(): 1 threads didn't exit
110330 22:35:46 [Note] bin\mysqld-nt.exe: ready for connections.
Version: '5.0.41-community-nt-log'  socket: ''  port: 3306  MySQL Community Edition (GPL)
110330 22:37:28 [Note] bin\mysqld-nt.exe: Normal shutdown

110330 22:37:30 [Warning] bin\mysqld-nt.exe: Forcing close of thread 1  user: 'root'

110330 22:37:30 [Note] bin\mysqld-nt.exe: Shutdown complete

Error in my_thread_global_end(): 1 threads didn't exit
110330 22:38:43 [Note] bin\mysqld-nt.exe: ready for connections.
Version: '5.0.41-community-nt-log'  socket: ''  port: 3306  MySQL Community Edition (GPL)
110330 22:40:27 [Note] bin\mysqld-nt.exe: Normal shutdown

110330 22:40:29 [Warning] bin\mysqld-nt.exe: Forcing close of thread 2  user: 'root'

110330 22:40:29 [Note] bin\mysqld-nt.exe: Shutdown complete

Error in my_thread_global_end(): 1 threads didn't exit
